Wed Jul 15 14:46:03 EDT 2015
MaxEnt version 3.3.3k
Reading file MaxEntSWD.csv
readGrid: max memory 1908932608, total allocated 360710144, free 273453008, used 87257136, increment 87257136
Warning: File MaxEntSWD.csv has value -9999, treating as no-data value
Time since start: 2.212
Reading samples from MaxEntSWD.csv
Read samples: max memory 1908932608, total allocated 522190848, free 312477368, used 209713480, increment 122456344
Adding samples to background in feature space
Command line used:  samplesfile=C:\WorkSpace\EEP_Spring2015\EEP_Tool\MaxEnt\Noturus_insignis\MaxEntSWD.csv environmentallayers=C:\WorkSpace\EEP_Spring2015\EEP_Tool\MaxEnt\Noturus_insignis\MaxEntSWD.csv outputdirectory=C:\WorkSpace\EEP_Spring2015\EEP_Tool\MaxEnt\Noturus_insignis\Output responsecurves=true jackknife=true togglespeciesselected=background togglelayerselected=Shape_Length togglelayerselected=LENGTHKM togglelayerselected=ArbolateSu togglelayerselected=TEMP0001 togglelayerselected=PET0001 togglelayerselected=TempVMA togglelayerselected=PrecipVC togglelayerselected=Precip_min togglelayerselected=NLCD4 togglelayerselected=NLCD2_1 togglelayerselected=NLCD4_1 togglelayerselected=NLCD7_1 togglelayerselected=FLNLCD_21 togglelayerselected=FLNLCD_41 togglelayerselected=FLNLCD_90 togglelayerselected=ShadedLength togglelayertype=FCODE togglelayertype=StreamOrde
Command line to repeat: java density.MaxEnt nowarnings noprefixes nopictures outputdirectory=C:\WorkSpace\EEP_Spring2015\EEP_Tool\MaxEnt\Noturus_insignis\Output samplesfile=C:\WorkSpace\EEP_Spring2015\EEP_Tool\MaxEnt\Noturus_insignis\MaxEntSWD.csv environmentallayers=C:\WorkSpace\EEP_Spring2015\EEP_Tool\MaxEnt\Noturus_insignis\MaxEntSWD.csv -N ArbolateSu -N FLNLCD_21 -N FLNLCD_41 -N FLNLCD_90 -N LENGTHKM -N NLCD2_1 -N NLCD4 -N NLCD41PC -N NLCD42PC -N NLCD43PC -N NLCD7_1 -N PET0001 -N PrecipVC -N Precip_min -N ShadedLength -N Shape_Length -N TEMP0001 -N TempVMA -t FCODE -t StreamOrde
Species: Noturus_insignis
Layers: AreaSqKM Crossings FCODE FLNLCD_31 FLNLCD_42 FLNLCD_43 FLNLCD_52 FLNLCD_71 FLNLCD_81 Forest LongestSegment MeanShadeLength NLCD11P NLCD11PC NLCD1_1 NLCD2 NLCD21PC NLCD22PC NLCD23PC NLCD3 NLCD3_1 NLCD4_1 NLCD5 NLCD52P NLCD52PC NLCD5_1 NLCD7 NLCD71PC NLCD8 NLCD81PC NLCD8_1 NLCD9 NLCD9_1 Other PPT0001 Pathlength PrecipVMA Precip_max Qincr0001E RunOffVMA RunOff_max ShadedSegments Shape_Area StreamOrde TempVC Temp_min TotDASqKM TotLength V0001E Wetland cool pctForest slope_MEAN
Layertypes: Continuous Continuous Categorical Continuous Continuous Continuous Continuous Continuous Continuous Continuous Continuous Continuous Continuous Continuous Continuous Continuous Continuous Continuous Continuous Continuous Continuous Continuous Continuous Continuous Continuous Continuous Continuous Continuous Continuous Continuous Continuous Continuous Continuous Continuous Continuous Continuous Continuous Continuous Continuous Continuous Continuous Continuous Continuous Categorical Continuous Continuous Continuous Continuous Continuous Continuous Continuous Continuous Continuous
pictures: false
outputdirectory: C:\WorkSpace\EEP_Spring2015\EEP_Tool\MaxEnt\Noturus_insignis\Output
samplesfile: C:\WorkSpace\EEP_Spring2015\EEP_Tool\MaxEnt\Noturus_insignis\MaxEntSWD.csv
environmentallayers: C:\WorkSpace\EEP_Spring2015\EEP_Tool\MaxEnt\Noturus_insignis\MaxEntSWD.csv

Time since start: 3.219
getSamples: max memory 1908932608, total allocated 524288000, free 174672616, used 349615384, increment 139901904
Making features
Time since start: 5.35
makeFeatures: max memory 1908932608, total allocated 816840704, free 597594088, used 219246616, increment -130368768
Noturus_insignis: 
Regularization values: linear/quadratic/product: 0.050, categorical: 0.250, threshold: 1.000, hinge: 0.500
Time since start: 6.992
133 samples
Density: max memory 1908932608, total allocated 816840704, free 416355088, used 400485616, increment 181239000
linearPredictor: max memory 1908932608, total allocated 816840704, free 416355088, used 400485616, increment 0
Time since start: 8.016
Deactivating (FCODE=33400.0)
Deactivating (FCODE=33600.0)
Deactivating (StreamOrde=7.0)
FeaturedSpace: max memory 1908932608, total allocated 816840704, free 416355088, used 400485616, increment 0
Sequential: max memory 1908932608, total allocated 816840704, free 416355088, used 400485616, increment 0
Initial loss: 9.741968123371437
Time since start: 139.807
500: time = 131.787000 loss = 6.643737
Resulting gain: 3.098230895719831
Time since start: 148.352
Projecting...
Writing file C:\WorkSpace\EEP_Spring2015\EEP_Tool\MaxEnt\Noturus_insignis\Output\Noturus_insignis.csv
Time since start: 160.732
Ending
