Wed Jul 15 15:10:57 EDT 2015
MaxEnt version 3.3.3k
Reading file MaxEntSWD.csv
readGrid: max memory 1908932608, total allocated 779616256, free 581797920, used 197818336, increment -235200792
Warning: File MaxEntSWD.csv has value -9999, treating as no-data value
Time since start: 1.855
Reading samples from MaxEntSWD.csv
Read samples: max memory 1908932608, total allocated 780664832, free 614492928, used 166171904, increment -31646432
Adding samples to background in feature space
Command line used:  samplesfile=C:\WorkSpace\EEP_Spring2015\EEP_Tool\MaxEnt\Nocomis_leptocephalus\MaxEntSWD.csv environmentallayers=C:\WorkSpace\EEP_Spring2015\EEP_Tool\MaxEnt\Nocomis_leptocephalus\MaxEntSWD.csv outputdirectory=C:\WorkSpace\EEP_Spring2015\EEP_Tool\MaxEnt\Nocomis_leptocephalus\Output responsecurves=true jackknife=true togglespeciesselected=background togglelayerselected=Shape_Length togglelayerselected=LENGTHKM togglelayerselected=ArbolateSu togglelayerselected=TEMP0001 togglelayerselected=PET0001 togglelayerselected=Temp_max togglelayerselected=PrecipVMA togglelayerselected=Precip_max togglelayerselected=NLCD21P togglelayerselected=NLCD41P togglelayerselected=NLCD3 togglelayerselected=NLCD4_1 togglelayerselected=NLCD7_1 togglelayertype=FCODE togglelayertype=StreamOrde
Command line to repeat: java density.MaxEnt nowarnings noprefixes nopictures outputdirectory=C:\WorkSpace\EEP_Spring2015\EEP_Tool\MaxEnt\Nocomis_leptocephalus\Output samplesfile=C:\WorkSpace\EEP_Spring2015\EEP_Tool\MaxEnt\Nocomis_leptocephalus\MaxEntSWD.csv environmentallayers=C:\WorkSpace\EEP_Spring2015\EEP_Tool\MaxEnt\Nocomis_leptocephalus\MaxEntSWD.csv -N ArbolateSu -N Crossings -N LENGTHKM -N NLCD21P -N NLCD3 -N NLCD3_1 -N NLCD41P -N NLCD41PC -N NLCD4_1 -N NLCD7_1 -N PET0001 -N PrecipVMA -N Precip_max -N Shape_Length -N TEMP0001 -N Temp_max -t FCODE -t StreamOrde
Species: Nocomis_leptocephalus
Layers: AreaSqKM FCODE FLNLCD_21 FLNLCD_22 FLNLCD_31 FLNLCD_41 FLNLCD_42 FLNLCD_43 FLNLCD_52 FLNLCD_71 FLNLCD_81 FLNLCD_90 Forest LongestSegment MeanShadeLength NLCD11P NLCD11PC NLCD1_1 NLCD2 NLCD2_1 NLCD4 NLCD42P NLCD42PC NLCD5 NLCD52P NLCD5_1 NLCD7 NLCD71PC NLCD8 NLCD81PC NLCD8_1 NLCD9 NLCD9_1 Other PPT0001 Pathlength PctCanopy PrecipVC Precip_min Qincr0001E RunOffVMA RunOff_max RunOff_min ShadedLength ShadedSegments Shape_Area StreamOrde TempVC TempVMA Temp_min TotDASqKM TotLength V0001E Wetland cold cool pctWetland slope_MEAN
Layertypes: Continuous Categorical Continuous Continuous Continuous Continuous Continuous Continuous Continuous Continuous Continuous Continuous Continuous Continuous Continuous Continuous Continuous Continuous Continuous Continuous Continuous Continuous Continuous Continuous Continuous Continuous Continuous Continuous Continuous Continuous Continuous Continuous Continuous Continuous Continuous Continuous Continuous Continuous Continuous Continuous Continuous Continuous Continuous Continuous Continuous Continuous Categorical Continuous Continuous Continuous Continuous Continuous Continuous Continuous Continuous Continuous Continuous Continuous
pictures: false
outputdirectory: C:\WorkSpace\EEP_Spring2015\EEP_Tool\MaxEnt\Nocomis_leptocephalus\Output
samplesfile: C:\WorkSpace\EEP_Spring2015\EEP_Tool\MaxEnt\Nocomis_leptocephalus\MaxEntSWD.csv
environmentallayers: C:\WorkSpace\EEP_Spring2015\EEP_Tool\MaxEnt\Nocomis_leptocephalus\MaxEntSWD.csv

getSamples: max memory 1908932608, total allocated 792723456, free 724831680, used 67891776, increment -98280128
Making features
Time since start: 4.944
makeFeatures: max memory 1908932608, total allocated 792723456, free 493523064, used 299200392, increment 231308616
Nocomis_leptocephalus: 
Regularization values: linear/quadratic/product: 0.050, categorical: 0.250, threshold: 1.000, hinge: 0.500
Time since start: 6.74
240 samples
Density: max memory 1908932608, total allocated 792723456, free 313320936, used 479402520, increment 180202128
linearPredictor: max memory 1908932608, total allocated 792723456, free 313320936, used 479402520, increment 0
Time since start: 7.834
Deactivating (FCODE=33400.0)
Deactivating (FCODE=33600.0)
Deactivating (StreamOrde=7.0)
FeaturedSpace: max memory 1908932608, total allocated 792723456, free 313320936, used 479402520, increment 0
Sequential: max memory 1908932608, total allocated 792723456, free 313320936, used 479402520, increment 0
Initial loss: 9.741968123371437
Time since start: 140.601
500: time = 132.763000 loss = 7.243763
Resulting gain: 2.49820525923544
Time since start: 143.256
Projecting...
Writing file C:\WorkSpace\EEP_Spring2015\EEP_Tool\MaxEnt\Nocomis_leptocephalus\Output\Nocomis_leptocephalus.csv
Time since start: 158.835
Ending
