Wed Jul 15 13:45:57 EDT 2015
MaxEnt version 3.3.3k
Reading file MaxEntSWD.csv
readGrid: max memory 1908932608, total allocated 160432128, free 146665448, used 13766680, increment 13766680
Reading samples from MaxEntSWD.csv
Read samples: max memory 1908932608, total allocated 160432128, free 93184584, used 67247544, increment 53480864
Adding samples to background in feature space
Command line used:  samplesfile=C:\WorkSpace\EEP_Spring2015\EEP_Tool\MaxEnt\Aphredoderus_sayanus\MaxEntSWD.csv environmentallayers=C:\WorkSpace\EEP_Spring2015\EEP_Tool\MaxEnt\Aphredoderus_sayanus\MaxEntSWD.csv outputdirectory=C:\WorkSpace\EEP_Spring2015\EEP_Tool\MaxEnt\Aphredoderus_sayanus\Output responsecurves=true jackknife=true togglespeciesselected=background
Command line to repeat: java density.MaxEnt nowarnings noprefixes nopictures outputdirectory=C:\WorkSpace\EEP_Spring2015\EEP_Tool\MaxEnt\Aphredoderus_sayanus\Output samplesfile=C:\WorkSpace\EEP_Spring2015\EEP_Tool\MaxEnt\Aphredoderus_sayanus\MaxEntSWD.csv environmentallayers=C:\WorkSpace\EEP_Spring2015\EEP_Tool\MaxEnt\Aphredoderus_sayanus\MaxEntSWD.csv
Species: Aphredoderus_sayanus
Layers: NLCD52P warm
Layertypes: Continuous Continuous
pictures: false
outputdirectory: C:\WorkSpace\EEP_Spring2015\EEP_Tool\MaxEnt\Aphredoderus_sayanus\Output
samplesfile: C:\WorkSpace\EEP_Spring2015\EEP_Tool\MaxEnt\Aphredoderus_sayanus\MaxEntSWD.csv
environmentallayers: C:\WorkSpace\EEP_Spring2015\EEP_Tool\MaxEnt\Aphredoderus_sayanus\MaxEntSWD.csv

getSamples: max memory 1908932608, total allocated 160432128, free 100103184, used 60328944, increment -6918600
Making features
makeFeatures: max memory 1908932608, total allocated 160432128, free 97872480, used 62559648, increment 2230704
Aphredoderus_sayanus: 
Regularization values: linear/quadratic/product: 1.000, categorical: 0.620, threshold: 1.980, hinge: 0.500
2 samples
Density: max memory 1908932608, total allocated 160432128, free 97138928, used 63293200, increment 733552
linearPredictor: max memory 1908932608, total allocated 160432128, free 97138928, used 63293200, increment 0
FeaturedSpace: max memory 1908932608, total allocated 160432128, free 97138928, used 63293200, increment 0
Sequential: max memory 1908932608, total allocated 160432128, free 97138928, used 63293200, increment 0
Initial loss: 9.742673052026605
60: time = 0.295000 loss = 7.853946
Resulting gain: 1.8887268378818725
Time since start: 1.007
Projecting...
Writing file C:\WorkSpace\EEP_Spring2015\EEP_Tool\MaxEnt\Aphredoderus_sayanus\Output\Aphredoderus_sayanus.csv
Ending
